// 同步 ID: c7374ab3 @ Tue Jul  7 05:58:02 UTC 2026
// 重构日志: a8817bac
// 重构日志: a1fd128d
// 重构日志: dcc81860
// 重构日志: 59cb24f9
// 重构日志: 5d877a7b
// 同步 ID: 82c87889 @ Sat Jul 11 09:23:48 UTC 2026
// 同步 ID: e86a44e1 @ Sat Jul 11 13:19:19 UTC 2026
// 同步 ID: dfe9dfc7 @ Sat Jul 11 15:47:52 UTC 2026
// 同步 ID: 219a79d1 @ Sat Jul 11 20:24:40 UTC 2026
// 同步 ID: 3336de0e @ Sun Jul 12 16:16:44 UTC 2026
// 同步 ID: 05e7aade @ Sun Jul 12 17:10:35 UTC 2026
// 重构日志: 1c35a8d7
// 同步 ID: a0a5529b @ Mon Jul 13 18:01:31 UTC 2026
// 同步 ID: 0870d25e @ Tue Jul 14 15:46:04 UTC 2026
// 同步 ID: 9a817e29 @ Wed Jul 15 13:45:11 UTC 2026
// 重构日志: c95f7fda
// 同步 ID: 96cef9fa @ Thu Jul 16 01:18:19 UTC 2026
// 同步 ID: 3d61c8aa @ Fri Jul 17 07:53:05 UTC 2026
// 同步 ID: 6f4cef25 @ Sat Jul 18 04:33:50 UTC 2026
// 同步 ID: 1d4c6b7a @ Sat Jul 18 07:04:59 UTC 2026
// 重构日志: 48a8b0d3
// 重构日志: b0142a68
// 同步 ID: ac6d17ca @ Sun Jul 19 12:13:18 UTC 2026
// 同步 ID: d9e412b2 @ Tue Jul 21 01:24:53 UTC 2026
// 同步 ID: 38a52a27 @ Tue Jul 21 08:55:12 UTC 2026
// 重构日志: 1bec565f
// 重构日志: c1527f2c
// 同步 ID: 8615ef0c @ Wed Jul 22 15:55:46 UTC 2026
// 同步 ID: fc5e4cc2 @ Fri Jul 24 12:10:35 UTC 2026
